2018-03-03 23:05:00 [127.0.0.1][-][egu6nq1q14gk7rin72m2mg27tj][error][yii\db\Exception] PDOException: SQLSTATE[HY000] [1045] Access denied for user 'root'@'localhost' (using password: NO) in /var/www/html/allympia-task-yii2/vendor/yiisoft/yii2/db/Connection.php:686
Stack trace:
#0 /var/www/html/allympia-task-yii2/vendor/yiisoft/yii2/db/Connection.php(686): PDO->__construct('mysql:host=loca...', 'root', '', NULL)
#1 /var/www/html/allympia-task-yii2/vendor/yiisoft/yii2/db/Connection.php(612): yii\db\Connection->createPdoInstance()
#2 /var/www/html/allympia-task-yii2/vendor/yiisoft/yii2/db/Connection.php(995): yii\db\Connection->open()
#3 /var/www/html/allympia-task-yii2/vendor/yiisoft/yii2/db/Connection.php(982): yii\db\Connection->getMasterPdo()
#4 /var/www/html/allympia-task-yii2/vendor/yiisoft/yii2/db/Schema.php(463): yii\db\Connection->getSlavePdo()
#5 /var/www/html/allympia-task-yii2/vendor/yiisoft/yii2/db/Connection.php(880): yii\db\Schema->quoteValue('tariq')
#6 /var/www/html/allympia-task-yii2/vendor/yiisoft/yii2/db/Command.php(209): yii\db\Connection->quoteValue('tariq')
#7 /var/www/html/allympia-task-yii2/vendor/yiisoft/yii2/db/Command.php(1096): yii\db\Command->getRawSql()
#8 /var/www/html/allympia-task-yii2/vendor/yiisoft/yii2/db/Command.php(1117): yii\db\Command->logQuery('yii\\db\\Command:...')
#9 /var/www/html/allympia-task-yii2/vendor/yiisoft/yii2/db/Command.php(422): yii\db\Command->queryInternal('fetchColumn', 0)
#10 /var/www/html/allympia-task-yii2/vendor/yiisoft/yii2/db/Query.php(425): yii\db\Command->queryScalar()
#11 /var/www/html/allympia-task-yii2/vendor/yiisoft/yii2/validators/UniqueValidator.php(187): yii\db\Query->exists()
#12 /var/www/html/allympia-task-yii2/vendor/yiisoft/yii2/validators/UniqueValidator.php(145): yii\validators\UniqueValidator->modelExists('\\common\\models\\...', Array, Object(frontend\models\SignupForm))
#13 [internal function]: yii\validators\UniqueValidator->yii\validators\{closure}(Object(yii\db\Connection))
#14 /var/www/html/allympia-task-yii2/vendor/yiisoft/yii2/db/Connection.php(1058): call_user_func(Object(Closure), Object(yii\db\Connection))
#15 /var/www/html/allympia-task-yii2/vendor/yiisoft/yii2/validators/UniqueValidator.php(146): yii\db\Connection->useMaster(Object(Closure))
#16 /var/www/html/allympia-task-yii2/vendor/yiisoft/yii2/validators/Validator.php(267): yii\validators\UniqueValidator->validateAttribute(Object(frontend\models\SignupForm), 'username')
#17 /var/www/html/allympia-task-yii2/vendor/yiisoft/yii2/base/Model.php(367): yii\validators\Validator->validateAttributes(Object(frontend\models\SignupForm), Array)
#18 /var/www/html/allympia-task-yii2/frontend/models/SignupForm.php(46): yii\base\Model->validate()
#19 /var/www/html/allympia-task-yii2/frontend/controllers/SiteController.php(155): frontend\models\SignupForm->signup()
#20 [internal function]: frontend\controllers\SiteController->actionSignup()
#21 /var/www/html/allympia-task-yii2/vendor/yiisoft/yii2/base/InlineAction.php(57): call_user_func_array(Array, Array)
#22 /var/www/html/allympia-task-yii2/vendor/yiisoft/yii2/base/Controller.php(157): yii\base\InlineAction->runWithParams(Array)
#23 /var/www/html/allympia-task-yii2/vendor/yiisoft/yii2/base/Module.php(528): yii\base\Controller->runAction('signup', Array)
#24 /var/www/html/allympia-task-yii2/vendor/yiisoft/yii2/web/Application.php(103): yii\base\Module->runAction('site/signup', Array)
#25 /var/www/html/allympia-task-yii2/vendor/yiisoft/yii2/base/Application.php(386): yii\web\Application->handleRequest(Object(yii\web\Request))
#26 /var/www/html/allympia-task-yii2/frontend/web/index.php(17): yii\base\Application->run()
#27 {main}

Next yii\db\Exception: SQLSTATE[HY000] [1045] Access denied for user 'root'@'localhost' (using password: NO) in /var/www/html/allympia-task-yii2/vendor/yiisoft/yii2/db/Connection.php:623
Stack trace:
#0 /var/www/html/allympia-task-yii2/vendor/yiisoft/yii2/db/Connection.php(995): yii\db\Connection->open()
#1 /var/www/html/allympia-task-yii2/vendor/yiisoft/yii2/db/Connection.php(982): yii\db\Connection->getMasterPdo()
#2 /var/www/html/allympia-task-yii2/vendor/yiisoft/yii2/db/Schema.php(463): yii\db\Connection->getSlavePdo()
#3 /var/www/html/allympia-task-yii2/vendor/yiisoft/yii2/db/Connection.php(880): yii\db\Schema->quoteValue('tariq')
#4 /var/www/html/allympia-task-yii2/vendor/yiisoft/yii2/db/Command.php(209): yii\db\Connection->quoteValue('tariq')
#5 /var/www/html/allympia-task-yii2/vendor/yiisoft/yii2/db/Command.php(1096): yii\db\Command->getRawSql()
#6 /var/www/html/allympia-task-yii2/vendor/yiisoft/yii2/db/Command.php(1117): yii\db\Command->logQuery('yii\\db\\Command:...')
#7 /var/www/html/allympia-task-yii2/vendor/yiisoft/yii2/db/Command.php(422): yii\db\Command->queryInternal('fetchColumn', 0)
#8 /var/www/html/allympia-task-yii2/vendor/yiisoft/yii2/db/Query.php(425): yii\db\Command->queryScalar()
#9 /var/www/html/allympia-task-yii2/vendor/yiisoft/yii2/validators/UniqueValidator.php(187): yii\db\Query->exists()
#10 /var/www/html/allympia-task-yii2/vendor/yiisoft/yii2/validators/UniqueValidator.php(145): yii\validators\UniqueValidator->modelExists('\\common\\models\\...', Array, Object(frontend\models\SignupForm))
#11 [internal function]: yii\validators\UniqueValidator->yii\validators\{closure}(Object(yii\db\Connection))
#12 /var/www/html/allympia-task-yii2/vendor/yiisoft/yii2/db/Connection.php(1058): call_user_func(Object(Closure), Object(yii\db\Connection))
#13 /var/www/html/allympia-task-yii2/vendor/yiisoft/yii2/validators/UniqueValidator.php(146): yii\db\Connection->useMaster(Object(Closure))
#14 /var/www/html/allympia-task-yii2/vendor/yiisoft/yii2/validators/Validator.php(267): yii\validators\UniqueValidator->validateAttribute(Object(frontend\models\SignupForm), 'username')
#15 /var/www/html/allympia-task-yii2/vendor/yiisoft/yii2/base/Model.php(367): yii\validators\Validator->validateAttributes(Object(frontend\models\SignupForm), Array)
#16 /var/www/html/allympia-task-yii2/frontend/models/SignupForm.php(46): yii\base\Model->validate()
#17 /var/www/html/allympia-task-yii2/frontend/controllers/SiteController.php(155): frontend\models\SignupForm->signup()
#18 [internal function]: frontend\controllers\SiteController->actionSignup()
#19 /var/www/html/allympia-task-yii2/vendor/yiisoft/yii2/base/InlineAction.php(57): call_user_func_array(Array, Array)
#20 /var/www/html/allympia-task-yii2/vendor/yiisoft/yii2/base/Controller.php(157): yii\base\InlineAction->runWithParams(Array)
#21 /var/www/html/allympia-task-yii2/vendor/yiisoft/yii2/base/Module.php(528): yii\base\Controller->runAction('signup', Array)
#22 /var/www/html/allympia-task-yii2/vendor/yiisoft/yii2/web/Application.php(103): yii\base\Module->runAction('site/signup', Array)
#23 /var/www/html/allympia-task-yii2/vendor/yiisoft/yii2/base/Application.php(386): yii\web\Application->handleRequest(Object(yii\web\Request))
#24 /var/www/html/allympia-task-yii2/frontend/web/index.php(17): yii\base\Application->run()
#25 {main}
Additional Information:

2018-03-03 23:05:00 [127.0.0.1][-][egu6nq1q14gk7rin72m2mg27tj][info][application] $_GET = [
    'r' => 'site/signup'
]

$_POST = [
    '_csrf-frontend' => '5zOElqTKNXz1Kd8Hk5OBM6CtZ5IvSNpN0oLuVYxreWuuVNam7YNbOocehkHavuxK1eEMv1kdmC-8yqdj1CIxBA=='
    'SignupForm' => [
        'username' => 'tariq'
        'email' => 'tawalbeh21@gmail.com'
        'password' => 'tetogone'
    ]
    'signup-button' => ''
]

$_FILES = []

$_COOKIE = [
    'advanced-frontend' => 'egu6nq1q14gk7rin72m2mg27tj'
    '_csrf-frontend' => '76cb1f58b424c5a5a5c0ff1c7c4d25a351f65419d4f2e3ea67de48572455d552a:2:{i:0;s:14:\"_csrf-frontend\";i:1;s:32:\"IgR0IInFr7YFI-myuLk-vUBbnHI6XIHo\";}'
]

$_SESSION = [
    '__flash' => []
]

$_SERVER = [
    'USER' => 'www-data'
    'HOME' => '/var/www'
    'HTTP_COOKIE' => 'advanced-frontend=egu6nq1q14gk7rin72m2mg27tj; _csrf-frontend=76cb1f58b424c5a5a5c0ff1c7c4d25a351f65419d4f2e3ea67de48572455d552a%3A2%3A%7Bi%3A0%3Bs%3A14%3A%22_csrf-frontend%22%3Bi%3A1%3Bs%3A32%3A%22IgR0IInFr7YFI-myuLk-vUBbnHI6XIHo%22%3B%7D'
    'HTTP_ACCEPT_LANGUAGE' => 'en-US,en;q=0.9,ar;q=0.8'
    'HTTP_ACCEPT_ENCODING' => 'gzip, deflate'
    'HTTP_REFERER' => 'http://frontend.ally-proj/index.php?r=site%2Fsignup'
    'HTTP_ACCEPT' => 'text/html,application/xhtml+xml,application/xml;q=0.9,image/webp,image/apng,*/*;q=0.8'
    'HTTP_USER_AGENT' => 'Mozilla/5.0 (X11; Linux x86_64) AppleWebKit/537.36 (KHTML, like Gecko) Chrome/64.0.3282.186 Safari/537.36'
    'HTTP_CONTENT_TYPE' => 'application/x-www-form-urlencoded'
    'HTTP_UPGRADE_INSECURE_REQUESTS' => '1'
    'HTTP_ORIGIN' => 'http://frontend.ally-proj'
    'HTTP_CACHE_CONTROL' => 'max-age=0'
    'HTTP_CONTENT_LENGTH' => '232'
    'HTTP_CONNECTION' => 'keep-alive'
    'HTTP_HOST' => 'frontend.ally-proj'
    'SCRIPT_FILENAME' => '/var/www/html/allympia-task-yii2/frontend/web/index.php'
    'REDIRECT_STATUS' => '200'
    'SERVER_NAME' => 'frontend.ally-proj'
    'SERVER_PORT' => '80'
    'SERVER_ADDR' => '127.0.0.1'
    'REMOTE_PORT' => '40910'
    'REMOTE_ADDR' => '127.0.0.1'
    'SERVER_SOFTWARE' => 'nginx/1.13.6'
    'GATEWAY_INTERFACE' => 'CGI/1.1'
    'REQUEST_SCHEME' => 'http'
    'SERVER_PROTOCOL' => 'HTTP/1.1'
    'DOCUMENT_ROOT' => '/var/www/html/allympia-task-yii2/frontend/web'
    'DOCUMENT_URI' => '/index.php'
    'REQUEST_URI' => '/index.php?r=site%2Fsignup'
    'SCRIPT_NAME' => '/index.php'
    'CONTENT_LENGTH' => '232'
    'CONTENT_TYPE' => 'application/x-www-form-urlencoded'
    'REQUEST_METHOD' => 'POST'
    'QUERY_STRING' => 'r=site%2Fsignup'
    'FCGI_ROLE' => 'RESPONDER'
    'PHP_SELF' => '/index.php'
    'REQUEST_TIME_FLOAT' => 1520118300.1225
    'REQUEST_TIME' => 1520118300
]
2018-03-03 23:08:10 [127.0.0.1][-][egu6nq1q14gk7rin72m2mg27tj][error][yii\db\Exception] PDOException: SQLSTATE[HY000] [1045] Access denied for user 'root'@'localhost' (using password: NO) in /var/www/html/allympia-task-yii2/vendor/yiisoft/yii2/db/Connection.php:686
Stack trace:
#0 /var/www/html/allympia-task-yii2/vendor/yiisoft/yii2/db/Connection.php(686): PDO->__construct('mysql:host=loca...', 'root', '', NULL)
#1 /var/www/html/allympia-task-yii2/vendor/yiisoft/yii2/db/Connection.php(612): yii\db\Connection->createPdoInstance()
#2 /var/www/html/allympia-task-yii2/vendor/yiisoft/yii2/db/Connection.php(995): yii\db\Connection->open()
#3 /var/www/html/allympia-task-yii2/vendor/yiisoft/yii2/db/Connection.php(982): yii\db\Connection->getMasterPdo()
#4 /var/www/html/allympia-task-yii2/vendor/yiisoft/yii2/db/Schema.php(463): yii\db\Connection->getSlavePdo()
#5 /var/www/html/allympia-task-yii2/vendor/yiisoft/yii2/db/Connection.php(880): yii\db\Schema->quoteValue('tariq')
#6 /var/www/html/allympia-task-yii2/vendor/yiisoft/yii2/db/Command.php(209): yii\db\Connection->quoteValue('tariq')
#7 /var/www/html/allympia-task-yii2/vendor/yiisoft/yii2/db/Command.php(1096): yii\db\Command->getRawSql()
#8 /var/www/html/allympia-task-yii2/vendor/yiisoft/yii2/db/Command.php(1117): yii\db\Command->logQuery('yii\\db\\Command:...')
#9 /var/www/html/allympia-task-yii2/vendor/yiisoft/yii2/db/Command.php(422): yii\db\Command->queryInternal('fetchColumn', 0)
#10 /var/www/html/allympia-task-yii2/vendor/yiisoft/yii2/db/Query.php(425): yii\db\Command->queryScalar()
#11 /var/www/html/allympia-task-yii2/vendor/yiisoft/yii2/validators/UniqueValidator.php(187): yii\db\Query->exists()
#12 /var/www/html/allympia-task-yii2/vendor/yiisoft/yii2/validators/UniqueValidator.php(145): yii\validators\UniqueValidator->modelExists('\\common\\models\\...', Array, Object(frontend\models\SignupForm))
#13 [internal function]: yii\validators\UniqueValidator->yii\validators\{closure}(Object(yii\db\Connection))
#14 /var/www/html/allympia-task-yii2/vendor/yiisoft/yii2/db/Connection.php(1058): call_user_func(Object(Closure), Object(yii\db\Connection))
#15 /var/www/html/allympia-task-yii2/vendor/yiisoft/yii2/validators/UniqueValidator.php(146): yii\db\Connection->useMaster(Object(Closure))
#16 /var/www/html/allympia-task-yii2/vendor/yiisoft/yii2/validators/Validator.php(267): yii\validators\UniqueValidator->validateAttribute(Object(frontend\models\SignupForm), 'username')
#17 /var/www/html/allympia-task-yii2/vendor/yiisoft/yii2/base/Model.php(367): yii\validators\Validator->validateAttributes(Object(frontend\models\SignupForm), Array)
#18 /var/www/html/allympia-task-yii2/frontend/models/SignupForm.php(46): yii\base\Model->validate()
#19 /var/www/html/allympia-task-yii2/frontend/controllers/SiteController.php(155): frontend\models\SignupForm->signup()
#20 [internal function]: frontend\controllers\SiteController->actionSignup()
#21 /var/www/html/allympia-task-yii2/vendor/yiisoft/yii2/base/InlineAction.php(57): call_user_func_array(Array, Array)
#22 /var/www/html/allympia-task-yii2/vendor/yiisoft/yii2/base/Controller.php(157): yii\base\InlineAction->runWithParams(Array)
#23 /var/www/html/allympia-task-yii2/vendor/yiisoft/yii2/base/Module.php(528): yii\base\Controller->runAction('signup', Array)
#24 /var/www/html/allympia-task-yii2/vendor/yiisoft/yii2/web/Application.php(103): yii\base\Module->runAction('site/signup', Array)
#25 /var/www/html/allympia-task-yii2/vendor/yiisoft/yii2/base/Application.php(386): yii\web\Application->handleRequest(Object(yii\web\Request))
#26 /var/www/html/allympia-task-yii2/frontend/web/index.php(17): yii\base\Application->run()
#27 {main}

Next yii\db\Exception: SQLSTATE[HY000] [1045] Access denied for user 'root'@'localhost' (using password: NO) in /var/www/html/allympia-task-yii2/vendor/yiisoft/yii2/db/Connection.php:623
Stack trace:
#0 /var/www/html/allympia-task-yii2/vendor/yiisoft/yii2/db/Connection.php(995): yii\db\Connection->open()
#1 /var/www/html/allympia-task-yii2/vendor/yiisoft/yii2/db/Connection.php(982): yii\db\Connection->getMasterPdo()
#2 /var/www/html/allympia-task-yii2/vendor/yiisoft/yii2/db/Schema.php(463): yii\db\Connection->getSlavePdo()
#3 /var/www/html/allympia-task-yii2/vendor/yiisoft/yii2/db/Connection.php(880): yii\db\Schema->quoteValue('tariq')
#4 /var/www/html/allympia-task-yii2/vendor/yiisoft/yii2/db/Command.php(209): yii\db\Connection->quoteValue('tariq')
#5 /var/www/html/allympia-task-yii2/vendor/yiisoft/yii2/db/Command.php(1096): yii\db\Command->getRawSql()
#6 /var/www/html/allympia-task-yii2/vendor/yiisoft/yii2/db/Command.php(1117): yii\db\Command->logQuery('yii\\db\\Command:...')
#7 /var/www/html/allympia-task-yii2/vendor/yiisoft/yii2/db/Command.php(422): yii\db\Command->queryInternal('fetchColumn', 0)
#8 /var/www/html/allympia-task-yii2/vendor/yiisoft/yii2/db/Query.php(425): yii\db\Command->queryScalar()
#9 /var/www/html/allympia-task-yii2/vendor/yiisoft/yii2/validators/UniqueValidator.php(187): yii\db\Query->exists()
#10 /var/www/html/allympia-task-yii2/vendor/yiisoft/yii2/validators/UniqueValidator.php(145): yii\validators\UniqueValidator->modelExists('\\common\\models\\...', Array, Object(frontend\models\SignupForm))
#11 [internal function]: yii\validators\UniqueValidator->yii\validators\{closure}(Object(yii\db\Connection))
#12 /var/www/html/allympia-task-yii2/vendor/yiisoft/yii2/db/Connection.php(1058): call_user_func(Object(Closure), Object(yii\db\Connection))
#13 /var/www/html/allympia-task-yii2/vendor/yiisoft/yii2/validators/UniqueValidator.php(146): yii\db\Connection->useMaster(Object(Closure))
#14 /var/www/html/allympia-task-yii2/vendor/yiisoft/yii2/validators/Validator.php(267): yii\validators\UniqueValidator->validateAttribute(Object(frontend\models\SignupForm), 'username')
#15 /var/www/html/allympia-task-yii2/vendor/yiisoft/yii2/base/Model.php(367): yii\validators\Validator->validateAttributes(Object(frontend\models\SignupForm), Array)
#16 /var/www/html/allympia-task-yii2/frontend/models/SignupForm.php(46): yii\base\Model->validate()
#17 /var/www/html/allympia-task-yii2/frontend/controllers/SiteController.php(155): frontend\models\SignupForm->signup()
#18 [internal function]: frontend\controllers\SiteController->actionSignup()
#19 /var/www/html/allympia-task-yii2/vendor/yiisoft/yii2/base/InlineAction.php(57): call_user_func_array(Array, Array)
#20 /var/www/html/allympia-task-yii2/vendor/yiisoft/yii2/base/Controller.php(157): yii\base\InlineAction->runWithParams(Array)
#21 /var/www/html/allympia-task-yii2/vendor/yiisoft/yii2/base/Module.php(528): yii\base\Controller->runAction('signup', Array)
#22 /var/www/html/allympia-task-yii2/vendor/yiisoft/yii2/web/Application.php(103): yii\base\Module->runAction('site/signup', Array)
#23 /var/www/html/allympia-task-yii2/vendor/yiisoft/yii2/base/Application.php(386): yii\web\Application->handleRequest(Object(yii\web\Request))
#24 /var/www/html/allympia-task-yii2/frontend/web/index.php(17): yii\base\Application->run()
#25 {main}
Additional Information:

2018-03-03 23:08:10 [127.0.0.1][-][egu6nq1q14gk7rin72m2mg27tj][info][application] $_GET = [
    'r' => 'site/signup'
]

$_POST = [
    '_csrf-frontend' => '5zOElqTKNXz1Kd8Hk5OBM6CtZ5IvSNpN0oLuVYxreWuuVNam7YNbOocehkHavuxK1eEMv1kdmC-8yqdj1CIxBA=='
    'SignupForm' => [
        'username' => 'tariq'
        'email' => 'tawalbeh21@gmail.com'
        'password' => 'tetogone'
    ]
    'signup-button' => ''
]

$_FILES = []

$_COOKIE = [
    'advanced-frontend' => 'egu6nq1q14gk7rin72m2mg27tj'
    '_csrf-frontend' => '76cb1f58b424c5a5a5c0ff1c7c4d25a351f65419d4f2e3ea67de48572455d552a:2:{i:0;s:14:\"_csrf-frontend\";i:1;s:32:\"IgR0IInFr7YFI-myuLk-vUBbnHI6XIHo\";}'
]

$_SESSION = [
    '__flash' => []
]

$_SERVER = [
    'USER' => 'www-data'
    'HOME' => '/var/www'
    'HTTP_COOKIE' => 'advanced-frontend=egu6nq1q14gk7rin72m2mg27tj; _csrf-frontend=76cb1f58b424c5a5a5c0ff1c7c4d25a351f65419d4f2e3ea67de48572455d552a%3A2%3A%7Bi%3A0%3Bs%3A14%3A%22_csrf-frontend%22%3Bi%3A1%3Bs%3A32%3A%22IgR0IInFr7YFI-myuLk-vUBbnHI6XIHo%22%3B%7D'
    'HTTP_ACCEPT_LANGUAGE' => 'en-US,en;q=0.9,ar;q=0.8'
    'HTTP_ACCEPT_ENCODING' => 'gzip, deflate'
    'HTTP_REFERER' => 'http://frontend.ally-proj/index.php?r=site%2Fsignup'
    'HTTP_ACCEPT' => 'text/html,application/xhtml+xml,application/xml;q=0.9,image/webp,image/apng,*/*;q=0.8'
    'HTTP_CONTENT_TYPE' => 'application/x-www-form-urlencoded'
    'HTTP_ORIGIN' => 'http://frontend.ally-proj'
    'HTTP_USER_AGENT' => 'Mozilla/5.0 (X11; Linux x86_64) AppleWebKit/537.36 (KHTML, like Gecko) Chrome/64.0.3282.186 Safari/537.36'
    'HTTP_UPGRADE_INSECURE_REQUESTS' => '1'
    'HTTP_CACHE_CONTROL' => 'max-age=0'
    'HTTP_CONTENT_LENGTH' => '232'
    'HTTP_CONNECTION' => 'keep-alive'
    'HTTP_HOST' => 'frontend.ally-proj'
    'SCRIPT_FILENAME' => '/var/www/html/allympia-task-yii2/frontend/web/index.php'
    'REDIRECT_STATUS' => '200'
    'SERVER_NAME' => 'frontend.ally-proj'
    'SERVER_PORT' => '80'
    'SERVER_ADDR' => '127.0.0.1'
    'REMOTE_PORT' => '40986'
    'REMOTE_ADDR' => '127.0.0.1'
    'SERVER_SOFTWARE' => 'nginx/1.13.6'
    'GATEWAY_INTERFACE' => 'CGI/1.1'
    'REQUEST_SCHEME' => 'http'
    'SERVER_PROTOCOL' => 'HTTP/1.1'
    'DOCUMENT_ROOT' => '/var/www/html/allympia-task-yii2/frontend/web'
    'DOCUMENT_URI' => '/index.php'
    'REQUEST_URI' => '/index.php?r=site%2Fsignup'
    'SCRIPT_NAME' => '/index.php'
    'CONTENT_LENGTH' => '232'
    'CONTENT_TYPE' => 'application/x-www-form-urlencoded'
    'REQUEST_METHOD' => 'POST'
    'QUERY_STRING' => 'r=site%2Fsignup'
    'FCGI_ROLE' => 'RESPONDER'
    'PHP_SELF' => '/index.php'
    'REQUEST_TIME_FLOAT' => 1520118490.6647
    'REQUEST_TIME' => 1520118490
]
